{"/Users/theremedy/Desktop/Practice Code/bookshop/index.js": {"path":"/Users/theremedy/Desktop/Practice Code/bookshop/index.js","statementMap":{"0":{"start":{"line":1,"column":16},"end":{"line":1,"column":34}},"1":{"start":{"line":2,"column":16},"end":{"line":2,"column":34}},"2":{"start":{"line":3,"column":12},"end":{"line":3,"column":21}},"3":{"start":{"line":5,"column":0},"end":{"line":5,"column":36}},"4":{"start":{"line":6,"column":0},"end":{"line":6,"column":25}},"5":{"start":{"line":7,"column":0},"end":{"line":7,"column":33}},"6":{"start":{"line":8,"column":0},"end":{"line":8,"column":32}},"7":{"start":{"line":9,"column":0},"end":{"line":9,"column":28}},"8":{"start":{"line":11,"column":13},"end":{"line":11,"column":37}},"9":{"start":{"line":12,"column":15},"end":{"line":12,"column":85}},"10":{"start":{"line":12,"column":38},"end":{"line":12,"column":83}},"11":{"start":{"line":14,"column":0},"end":{"line":14,"column":23}}},"fnMap":{"0":{"name":"(anonymous_0)","decl":{"start":{"line":12,"column":32},"end":{"line":12,"column":33}},"loc":{"start":{"line":12,"column":38},"end":{"line":12,"column":83}},"line":12}},"branchMap":{"0":{"loc":{"start":{"line":11,"column":13},"end":{"line":11,"column":37}},"type":"binary-expr","locations":[{"start":{"line":11,"column":13},"end":{"line":11,"column":29}},{"start":{"line":11,"column":33},"end":{"line":11,"column":37}}],"line":11}},"s":{"0":1,"1":1,"2":1,"3":1,"4":1,"5":1,"6":1,"7":1,"8":1,"9":1,"10":1,"11":1},"f":{"0":1},"b":{"0":[1,1]},"_coverageSchema":"1a1c01bbd47fc00a2c39e90264f33305004495a9","hash":"a5433d23b2f94af73d14c6d08e3d4b0ce776a3d9"}
,"/Users/theremedy/Desktop/Practice Code/bookshop/middlewares/admin.js": {"path":"/Users/theremedy/Desktop/Practice Code/bookshop/middlewares/admin.js","statementMap":{"0":{"start":{"line":1,"column":0},"end":{"line":4,"column":1}},"1":{"start":{"line":2,"column":4},"end":{"line":2,"column":63}},"2":{"start":{"line":2,"column":26},"end":{"line":2,"column":63}},"3":{"start":{"line":3,"column":4},"end":{"line":3,"column":10}}},"fnMap":{"0":{"name":"(anonymous_0)","decl":{"start":{"line":1,"column":17},"end":{"line":1,"column":18}},"loc":{"start":{"line":1,"column":41},"end":{"line":4,"column":1}},"line":1}},"branchMap":{"0":{"loc":{"start":{"line":2,"column":4},"end":{"line":2,"column":63}},"type":"if","locations":[{"start":{"line":2,"column":4},"end":{"line":2,"column":63}},{"start":{"line":2,"column":4},"end":{"line":2,"column":63}}],"line":2}},"s":{"0":1,"1":0,"2":0,"3":0},"f":{"0":0},"b":{"0":[0,0]},"_coverageSchema":"1a1c01bbd47fc00a2c39e90264f33305004495a9","hash":"e6f3ceb589f371405d9c53991f4d559e09a7cc78"}
,"/Users/theremedy/Desktop/Practice Code/bookshop/middlewares/auth.js": {"path":"/Users/theremedy/Desktop/Practice Code/bookshop/middlewares/auth.js","statementMap":{"0":{"start":{"line":1,"column":12},"end":{"line":1,"column":35}},"1":{"start":{"line":2,"column":15},"end":{"line":2,"column":32}},"2":{"start":{"line":5,"column":18},"end":{"line":5,"column":45}},"3":{"start":{"line":6,"column":4},"end":{"line":6,"column":72}},"4":{"start":{"line":6,"column":16},"end":{"line":6,"column":72}},"5":{"start":{"line":8,"column":4},"end":{"line":14,"column":5}},"6":{"start":{"line":9,"column":24},"end":{"line":9,"column":69}},"7":{"start":{"line":10,"column":8},"end":{"line":10,"column":26}},"8":{"start":{"line":11,"column":8},"end":{"line":11,"column":14}},"9":{"start":{"line":13,"column":8},"end":{"line":13,"column":45}},"10":{"start":{"line":17,"column":0},"end":{"line":17,"column":21}}},"fnMap":{"0":{"name":"auth","decl":{"start":{"line":4,"column":9},"end":{"line":4,"column":13}},"loc":{"start":{"line":4,"column":29},"end":{"line":15,"column":1}},"line":4}},"branchMap":{"0":{"loc":{"start":{"line":6,"column":4},"end":{"line":6,"column":72}},"type":"if","locations":[{"start":{"line":6,"column":4},"end":{"line":6,"column":72}},{"start":{"line":6,"column":4},"end":{"line":6,"column":72}}],"line":6}},"s":{"0":1,"1":1,"2":4,"3":4,"4":1,"5":4,"6":4,"7":3,"8":3,"9":1,"10":1},"f":{"0":4},"b":{"0":[1,3]},"_coverageSchema":"1a1c01bbd47fc00a2c39e90264f33305004495a9","hash":"e35588e09da838c0aa20381329a79d0811bbc207"}
,"/Users/theremedy/Desktop/Practice Code/bookshop/middlewares/error.js": {"path":"/Users/theremedy/Desktop/Practice Code/bookshop/middlewares/error.js","statementMap":{"0":{"start":{"line":1,"column":16},"end":{"line":1,"column":34}},"1":{"start":{"line":3,"column":0},"end":{"line":6,"column":1}},"2":{"start":{"line":4,"column":4},"end":{"line":4,"column":35}},"3":{"start":{"line":5,"column":4},"end":{"line":5,"column":48}}},"fnMap":{"0":{"name":"(anonymous_0)","decl":{"start":{"line":3,"column":17},"end":{"line":3,"column":18}},"loc":{"start":{"line":3,"column":46},"end":{"line":6,"column":1}},"line":3}},"branchMap":{},"s":{"0":1,"1":1,"2":0,"3":0},"f":{"0":0},"b":{},"_coverageSchema":"1a1c01bbd47fc00a2c39e90264f33305004495a9","hash":"801b892e3ac7aa918f6d91654b305c96d257d328"}
,"/Users/theremedy/Desktop/Practice Code/bookshop/middlewares/objectID.js": {"path":"/Users/theremedy/Desktop/Practice Code/bookshop/middlewares/objectID.js","statementMap":{"0":{"start":{"line":1,"column":17},"end":{"line":1,"column":36}},"1":{"start":{"line":3,"column":0},"end":{"line":8,"column":1}},"2":{"start":{"line":4,"column":4},"end":{"line":6,"column":5}},"3":{"start":{"line":5,"column":8},"end":{"line":5,"column":49}},"4":{"start":{"line":7,"column":4},"end":{"line":7,"column":10}}},"fnMap":{"0":{"name":"(anonymous_0)","decl":{"start":{"line":3,"column":17},"end":{"line":3,"column":18}},"loc":{"start":{"line":3,"column":42},"end":{"line":8,"column":1}},"line":3}},"branchMap":{"0":{"loc":{"start":{"line":4,"column":4},"end":{"line":6,"column":5}},"type":"if","locations":[{"start":{"line":4,"column":4},"end":{"line":6,"column":5}},{"start":{"line":4,"column":4},"end":{"line":6,"column":5}}],"line":4}},"s":{"0":1,"1":1,"2":0,"3":0,"4":0},"f":{"0":0},"b":{"0":[0,0]},"_coverageSchema":"1a1c01bbd47fc00a2c39e90264f33305004495a9","hash":"bd3812e4f36a927a7d4674a340264cc98dbe149b"}
,"/Users/theremedy/Desktop/Practice Code/bookshop/models/authors.js": {"path":"/Users/theremedy/Desktop/Practice Code/bookshop/models/authors.js","statementMap":{"0":{"start":{"line":1,"column":12},"end":{"line":1,"column":26}},"1":{"start":{"line":2,"column":17},"end":{"line":2,"column":36}},"2":{"start":{"line":4,"column":21},"end":{"line":27,"column":2}},"3":{"start":{"line":29,"column":15},"end":{"line":29,"column":53}},"4":{"start":{"line":32,"column":19},"end":{"line":37,"column":5}},"5":{"start":{"line":38,"column":4},"end":{"line":38,"column":39}},"6":{"start":{"line":41,"column":0},"end":{"line":41,"column":23}},"7":{"start":{"line":42,"column":0},"end":{"line":42,"column":35}},"8":{"start":{"line":43,"column":0},"end":{"line":43,"column":33}}},"fnMap":{"0":{"name":"validateAuthor","decl":{"start":{"line":31,"column":9},"end":{"line":31,"column":23}},"loc":{"start":{"line":31,"column":31},"end":{"line":39,"column":1}},"line":31}},"branchMap":{},"s":{"0":1,"1":1,"2":1,"3":1,"4":3,"5":3,"6":1,"7":1,"8":1},"f":{"0":3},"b":{},"_coverageSchema":"1a1c01bbd47fc00a2c39e90264f33305004495a9","hash":"3582eb81e2f91b38b234f672a9f23a1800f1e09a"}
,"/Users/theremedy/Desktop/Practice Code/bookshop/models/collections.js": {"path":"/Users/theremedy/Desktop/Practice Code/bookshop/models/collections.js","statementMap":{"0":{"start":{"line":1,"column":12},"end":{"line":1,"column":26}},"1":{"start":{"line":2,"column":17},"end":{"line":2,"column":36}},"2":{"start":{"line":3,"column":25},"end":{"line":3,"column":45}},"3":{"start":{"line":5,"column":19},"end":{"line":29,"column":3}},"4":{"start":{"line":32,"column":19},"end":{"line":37,"column":5}},"5":{"start":{"line":38,"column":4},"end":{"line":38,"column":43}},"6":{"start":{"line":41,"column":0},"end":{"line":41,"column":31}},"7":{"start":{"line":42,"column":0},"end":{"line":42,"column":37}}},"fnMap":{"0":{"name":"validateCollection","decl":{"start":{"line":31,"column":9},"end":{"line":31,"column":27}},"loc":{"start":{"line":31,"column":39},"end":{"line":39,"column":1}},"line":31}},"branchMap":{},"s":{"0":1,"1":1,"2":1,"3":1,"4":0,"5":0,"6":1,"7":1},"f":{"0":0},"b":{},"_coverageSchema":"1a1c01bbd47fc00a2c39e90264f33305004495a9","hash":"3cb92e7192da3c629f513a6f754fe3b365b5d8b8"}
,"/Users/theremedy/Desktop/Practice Code/bookshop/models/customers.js": {"path":"/Users/theremedy/Desktop/Practice Code/bookshop/models/customers.js","statementMap":{"0":{"start":{"line":1,"column":12},"end":{"line":1,"column":26}},"1":{"start":{"line":2,"column":17},"end":{"line":2,"column":36}},"2":{"start":{"line":4,"column":17},"end":{"line":21,"column":3}},"3":{"start":{"line":24,"column":19},"end":{"line":28,"column":5}},"4":{"start":{"line":29,"column":4},"end":{"line":29,"column":41}},"5":{"start":{"line":32,"column":0},"end":{"line":32,"column":27}},"6":{"start":{"line":33,"column":0},"end":{"line":33,"column":35}}},"fnMap":{"0":{"name":"validateCustomer","decl":{"start":{"line":23,"column":9},"end":{"line":23,"column":25}},"loc":{"start":{"line":23,"column":35},"end":{"line":30,"column":1}},"line":23}},"branchMap":{},"s":{"0":1,"1":1,"2":1,"3":0,"4":0,"5":1,"6":1},"f":{"0":0},"b":{},"_coverageSchema":"1a1c01bbd47fc00a2c39e90264f33305004495a9","hash":"c5f9fc35f69ab8c956d2b1679270878caf077a57"}
,"/Users/theremedy/Desktop/Practice Code/bookshop/models/rentals.js": {"path":"/Users/theremedy/Desktop/Practice Code/bookshop/models/rentals.js","statementMap":{"0":{"start":{"line":1,"column":12},"end":{"line":1,"column":26}},"1":{"start":{"line":2,"column":17},"end":{"line":2,"column":36}},"2":{"start":{"line":4,"column":15},"end":{"line":63,"column":3}},"3":{"start":{"line":66,"column":19},"end":{"line":69,"column":5}},"4":{"start":{"line":70,"column":4},"end":{"line":70,"column":39}},"5":{"start":{"line":73,"column":0},"end":{"line":73,"column":23}},"6":{"start":{"line":74,"column":0},"end":{"line":74,"column":33}}},"fnMap":{"0":{"name":"validateRental","decl":{"start":{"line":65,"column":9},"end":{"line":65,"column":23}},"loc":{"start":{"line":65,"column":31},"end":{"line":71,"column":1}},"line":65}},"branchMap":{},"s":{"0":1,"1":1,"2":1,"3":0,"4":0,"5":1,"6":1},"f":{"0":0},"b":{},"_coverageSchema":"1a1c01bbd47fc00a2c39e90264f33305004495a9","hash":"200a4d8da4cc30f171413f442eb9026c039751d7"}
,"/Users/theremedy/Desktop/Practice Code/bookshop/models/users.js": {"path":"/Users/theremedy/Desktop/Practice Code/bookshop/models/users.js","statementMap":{"0":{"start":{"line":1,"column":12},"end":{"line":1,"column":26}},"1":{"start":{"line":2,"column":17},"end":{"line":2,"column":36}},"2":{"start":{"line":3,"column":15},"end":{"line":3,"column":32}},"3":{"start":{"line":4,"column":12},"end":{"line":4,"column":35}},"4":{"start":{"line":6,"column":19},"end":{"line":30,"column":2}},"5":{"start":{"line":32,"column":0},"end":{"line":35,"column":1}},"6":{"start":{"line":33,"column":18},"end":{"line":33,"column":96}},"7":{"start":{"line":34,"column":4},"end":{"line":34,"column":16}},"8":{"start":{"line":37,"column":13},"end":{"line":37,"column":47}},"9":{"start":{"line":40,"column":19},"end":{"line":45,"column":5}},"10":{"start":{"line":46,"column":4},"end":{"line":46,"column":37}},"11":{"start":{"line":49,"column":0},"end":{"line":49,"column":19}},"12":{"start":{"line":50,"column":0},"end":{"line":50,"column":31}}},"fnMap":{"0":{"name":"(anonymous_0)","decl":{"start":{"line":32,"column":39},"end":{"line":32,"column":40}},"loc":{"start":{"line":32,"column":49},"end":{"line":35,"column":1}},"line":32},"1":{"name":"validateUser","decl":{"start":{"line":39,"column":9},"end":{"line":39,"column":21}},"loc":{"start":{"line":39,"column":27},"end":{"line":47,"column":1}},"line":39}},"branchMap":{},"s":{"0":2,"1":2,"2":2,"3":2,"4":2,"5":2,"6":4,"7":4,"8":2,"9":0,"10":0,"11":2,"12":2},"f":{"0":4,"1":0},"b":{},"_coverageSchema":"1a1c01bbd47fc00a2c39e90264f33305004495a9","hash":"3a834c2d7474c9192e4912eb3d99f739bc400453"}
,"/Users/theremedy/Desktop/Practice Code/bookshop/routes/authors.js": {"path":"/Users/theremedy/Desktop/Practice Code/bookshop/routes/authors.js","statementMap":{"0":{"start":{"line":1,"column":10},"end":{"line":1,"column":27}},"1":{"start":{"line":2,"column":29},"end":{"line":2,"column":57}},"2":{"start":{"line":3,"column":25},"end":{"line":3,"column":59}},"3":{"start":{"line":4,"column":14},"end":{"line":4,"column":45}},"4":{"start":{"line":5,"column":13},"end":{"line":5,"column":43}},"5":{"start":{"line":6,"column":16},"end":{"line":6,"column":34}},"6":{"start":{"line":7,"column":15},"end":{"line":7,"column":31}},"7":{"start":{"line":9,"column":0},"end":{"line":12,"column":2}},"8":{"start":{"line":10,"column":20},"end":{"line":10,"column":52}},"9":{"start":{"line":11,"column":4},"end":{"line":11,"column":21}},"10":{"start":{"line":14,"column":0},"end":{"line":22,"column":2}},"11":{"start":{"line":15,"column":22},"end":{"line":15,"column":40}},"12":{"start":{"line":16,"column":4},"end":{"line":16,"column":68}},"13":{"start":{"line":16,"column":15},"end":{"line":16,"column":68}},"14":{"start":{"line":18,"column":17},"end":{"line":18,"column":89}},"15":{"start":{"line":19,"column":4},"end":{"line":19,"column":32}},"16":{"start":{"line":21,"column":4},"end":{"line":21,"column":20}},"17":{"start":{"line":24,"column":0},"end":{"line":38,"column":2}},"18":{"start":{"line":25,"column":22},"end":{"line":25,"column":40}},"19":{"start":{"line":26,"column":4},"end":{"line":26,"column":61}},"20":{"start":{"line":26,"column":15},"end":{"line":26,"column":61}},"21":{"start":{"line":28,"column":19},"end":{"line":33,"column":22}},"22":{"start":{"line":35,"column":4},"end":{"line":35,"column":91}},"23":{"start":{"line":35,"column":17},"end":{"line":35,"column":91}},"24":{"start":{"line":37,"column":4},"end":{"line":37,"column":20}},"25":{"start":{"line":40,"column":0},"end":{"line":45,"column":2}},"26":{"start":{"line":41,"column":19},"end":{"line":41,"column":64}},"27":{"start":{"line":43,"column":4},"end":{"line":43,"column":91}},"28":{"start":{"line":43,"column":17},"end":{"line":43,"column":91}},"29":{"start":{"line":44,"column":4},"end":{"line":44,"column":20}},"30":{"start":{"line":47,"column":0},"end":{"line":52,"column":2}},"31":{"start":{"line":48,"column":19},"end":{"line":48,"column":55}},"32":{"start":{"line":50,"column":4},"end":{"line":50,"column":91}},"33":{"start":{"line":50,"column":17},"end":{"line":50,"column":91}},"34":{"start":{"line":51,"column":4},"end":{"line":51,"column":20}},"35":{"start":{"line":54,"column":0},"end":{"line":54,"column":23}}},"fnMap":{"0":{"name":"(anonymous_0)","decl":{"start":{"line":9,"column":16},"end":{"line":9,"column":17}},"loc":{"start":{"line":9,"column":36},"end":{"line":12,"column":1}},"line":9},"1":{"name":"(anonymous_1)","decl":{"start":{"line":14,"column":23},"end":{"line":14,"column":24}},"loc":{"start":{"line":14,"column":43},"end":{"line":22,"column":1}},"line":14},"2":{"name":"(anonymous_2)","decl":{"start":{"line":24,"column":25},"end":{"line":24,"column":26}},"loc":{"start":{"line":24,"column":45},"end":{"line":38,"column":1}},"line":24},"3":{"name":"(anonymous_3)","decl":{"start":{"line":40,"column":55},"end":{"line":40,"column":56}},"loc":{"start":{"line":40,"column":75},"end":{"line":45,"column":1}},"line":40},"4":{"name":"(anonymous_4)","decl":{"start":{"line":47,"column":37},"end":{"line":47,"column":38}},"loc":{"start":{"line":47,"column":57},"end":{"line":52,"column":1}},"line":47}},"branchMap":{"0":{"loc":{"start":{"line":16,"column":4},"end":{"line":16,"column":68}},"type":"if","locations":[{"start":{"line":16,"column":4},"end":{"line":16,"column":68}},{"start":{"line":16,"column":4},"end":{"line":16,"column":68}}],"line":16},"1":{"loc":{"start":{"line":26,"column":4},"end":{"line":26,"column":61}},"type":"if","locations":[{"start":{"line":26,"column":4},"end":{"line":26,"column":61}},{"start":{"line":26,"column":4},"end":{"line":26,"column":61}}],"line":26},"2":{"loc":{"start":{"line":35,"column":4},"end":{"line":35,"column":91}},"type":"if","locations":[{"start":{"line":35,"column":4},"end":{"line":35,"column":91}},{"start":{"line":35,"column":4},"end":{"line":35,"column":91}}],"line":35},"3":{"loc":{"start":{"line":43,"column":4},"end":{"line":43,"column":91}},"type":"if","locations":[{"start":{"line":43,"column":4},"end":{"line":43,"column":91}},{"start":{"line":43,"column":4},"end":{"line":43,"column":91}}],"line":43},"4":{"loc":{"start":{"line":50,"column":4},"end":{"line":50,"column":91}},"type":"if","locations":[{"start":{"line":50,"column":4},"end":{"line":50,"column":91}},{"start":{"line":50,"column":4},"end":{"line":50,"column":91}}],"line":50}},"s":{"0":1,"1":1,"2":1,"3":1,"4":1,"5":1,"6":1,"7":1,"8":1,"9":1,"10":1,"11":3,"12":3,"13":1,"14":2,"15":2,"16":2,"17":1,"18":0,"19":0,"20":0,"21":0,"22":0,"23":0,"24":0,"25":1,"26":0,"27":0,"28":0,"29":0,"30":1,"31":0,"32":0,"33":0,"34":0,"35":1},"f":{"0":1,"1":3,"2":0,"3":0,"4":0},"b":{"0":[1,2],"1":[0,0],"2":[0,0],"3":[0,0],"4":[0,0]},"_coverageSchema":"1a1c01bbd47fc00a2c39e90264f33305004495a9","hash":"bb28b24cff2c6b14f124b42368c87202d5aa2c28"}
,"/Users/theremedy/Desktop/Practice Code/bookshop/routes/collections.js": {"path":"/Users/theremedy/Desktop/Practice Code/bookshop/routes/collections.js","statementMap":{"0":{"start":{"line":1,"column":19},"end":{"line":1,"column":47}},"1":{"start":{"line":2,"column":33},"end":{"line":2,"column":65}},"2":{"start":{"line":3,"column":16},"end":{"line":3,"column":34}},"3":{"start":{"line":4,"column":15},"end":{"line":4,"column":31}},"4":{"start":{"line":6,"column":0},"end":{"line":9,"column":2}},"5":{"start":{"line":7,"column":23},"end":{"line":7,"column":59}},"6":{"start":{"line":8,"column":4},"end":{"line":8,"column":24}},"7":{"start":{"line":11,"column":0},"end":{"line":31,"column":2}},"8":{"start":{"line":12,"column":22},"end":{"line":12,"column":40}},"9":{"start":{"line":13,"column":4},"end":{"line":13,"column":61}},"10":{"start":{"line":13,"column":15},"end":{"line":13,"column":61}},"11":{"start":{"line":15,"column":19},"end":{"line":15,"column":59}},"12":{"start":{"line":16,"column":4},"end":{"line":16,"column":65}},"13":{"start":{"line":16,"column":17},"end":{"line":16,"column":65}},"14":{"start":{"line":18,"column":21},"end":{"line":28,"column":6}},"15":{"start":{"line":29,"column":4},"end":{"line":29,"column":40}},"16":{"start":{"line":30,"column":4},"end":{"line":30,"column":24}},"17":{"start":{"line":33,"column":0},"end":{"line":55,"column":2}},"18":{"start":{"line":34,"column":22},"end":{"line":34,"column":40}},"19":{"start":{"line":35,"column":4},"end":{"line":35,"column":61}},"20":{"start":{"line":35,"column":15},"end":{"line":35,"column":61}},"21":{"start":{"line":37,"column":19},"end":{"line":37,"column":59}},"22":{"start":{"line":38,"column":4},"end":{"line":38,"column":65}},"23":{"start":{"line":38,"column":17},"end":{"line":38,"column":65}},"24":{"start":{"line":40,"column":23},"end":{"line":50,"column":23}},"25":{"start":{"line":52,"column":4},"end":{"line":52,"column":80}},"26":{"start":{"line":52,"column":21},"end":{"line":52,"column":80}},"27":{"start":{"line":54,"column":4},"end":{"line":54,"column":24}},"28":{"start":{"line":57,"column":0},"end":{"line":63,"column":2}},"29":{"start":{"line":58,"column":23},"end":{"line":58,"column":72}},"30":{"start":{"line":60,"column":4},"end":{"line":60,"column":92}},"31":{"start":{"line":60,"column":21},"end":{"line":60,"column":92}},"32":{"start":{"line":62,"column":4},"end":{"line":62,"column":24}},"33":{"start":{"line":65,"column":0},"end":{"line":71,"column":2}},"34":{"start":{"line":66,"column":23},"end":{"line":66,"column":63}},"35":{"start":{"line":68,"column":4},"end":{"line":68,"column":92}},"36":{"start":{"line":68,"column":21},"end":{"line":68,"column":92}},"37":{"start":{"line":70,"column":4},"end":{"line":70,"column":24}},"38":{"start":{"line":73,"column":0},"end":{"line":73,"column":23}}},"fnMap":{"0":{"name":"(anonymous_0)","decl":{"start":{"line":6,"column":16},"end":{"line":6,"column":17}},"loc":{"start":{"line":6,"column":36},"end":{"line":9,"column":1}},"line":6},"1":{"name":"(anonymous_1)","decl":{"start":{"line":11,"column":17},"end":{"line":11,"column":18}},"loc":{"start":{"line":11,"column":37},"end":{"line":31,"column":1}},"line":11},"2":{"name":"(anonymous_2)","decl":{"start":{"line":33,"column":19},"end":{"line":33,"column":20}},"loc":{"start":{"line":33,"column":39},"end":{"line":55,"column":1}},"line":33},"3":{"name":"(anonymous_3)","decl":{"start":{"line":57,"column":22},"end":{"line":57,"column":23}},"loc":{"start":{"line":57,"column":42},"end":{"line":63,"column":1}},"line":57},"4":{"name":"(anonymous_4)","decl":{"start":{"line":65,"column":19},"end":{"line":65,"column":20}},"loc":{"start":{"line":65,"column":39},"end":{"line":71,"column":1}},"line":65}},"branchMap":{"0":{"loc":{"start":{"line":13,"column":4},"end":{"line":13,"column":61}},"type":"if","locations":[{"start":{"line":13,"column":4},"end":{"line":13,"column":61}},{"start":{"line":13,"column":4},"end":{"line":13,"column":61}}],"line":13},"1":{"loc":{"start":{"line":16,"column":4},"end":{"line":16,"column":65}},"type":"if","locations":[{"start":{"line":16,"column":4},"end":{"line":16,"column":65}},{"start":{"line":16,"column":4},"end":{"line":16,"column":65}}],"line":16},"2":{"loc":{"start":{"line":35,"column":4},"end":{"line":35,"column":61}},"type":"if","locations":[{"start":{"line":35,"column":4},"end":{"line":35,"column":61}},{"start":{"line":35,"column":4},"end":{"line":35,"column":61}}],"line":35},"3":{"loc":{"start":{"line":38,"column":4},"end":{"line":38,"column":65}},"type":"if","locations":[{"start":{"line":38,"column":4},"end":{"line":38,"column":65}},{"start":{"line":38,"column":4},"end":{"line":38,"column":65}}],"line":38},"4":{"loc":{"start":{"line":52,"column":4},"end":{"line":52,"column":80}},"type":"if","locations":[{"start":{"line":52,"column":4},"end":{"line":52,"column":80}},{"start":{"line":52,"column":4},"end":{"line":52,"column":80}}],"line":52},"5":{"loc":{"start":{"line":60,"column":4},"end":{"line":60,"column":92}},"type":"if","locations":[{"start":{"line":60,"column":4},"end":{"line":60,"column":92}},{"start":{"line":60,"column":4},"end":{"line":60,"column":92}}],"line":60},"6":{"loc":{"start":{"line":68,"column":4},"end":{"line":68,"column":92}},"type":"if","locations":[{"start":{"line":68,"column":4},"end":{"line":68,"column":92}},{"start":{"line":68,"column":4},"end":{"line":68,"column":92}}],"line":68}},"s":{"0":1,"1":1,"2":1,"3":1,"4":1,"5":0,"6":0,"7":1,"8":0,"9":0,"10":0,"11":0,"12":0,"13":0,"14":0,"15":0,"16":0,"17":1,"18":0,"19":0,"20":0,"21":0,"22":0,"23":0,"24":0,"25":0,"26":0,"27":0,"28":1,"29":0,"30":0,"31":0,"32":0,"33":1,"34":0,"35":0,"36":0,"37":0,"38":1},"f":{"0":0,"1":0,"2":0,"3":0,"4":0},"b":{"0":[0,0],"1":[0,0],"2":[0,0],"3":[0,0],"4":[0,0],"5":[0,0],"6":[0,0]},"_coverageSchema":"1a1c01bbd47fc00a2c39e90264f33305004495a9","hash":"2174e5a7bec58e9d1e4f596b3dfd9a8f13205cb7"}
,"/Users/theremedy/Desktop/Practice Code/bookshop/routes/customers.js": {"path":"/Users/theremedy/Desktop/Practice Code/bookshop/routes/customers.js","statementMap":{"0":{"start":{"line":1,"column":10},"end":{"line":1,"column":27}},"1":{"start":{"line":2,"column":31},"end":{"line":2,"column":61}},"2":{"start":{"line":3,"column":16},"end":{"line":3,"column":34}},"3":{"start":{"line":4,"column":15},"end":{"line":4,"column":31}},"4":{"start":{"line":6,"column":0},"end":{"line":9,"column":2}},"5":{"start":{"line":7,"column":21},"end":{"line":7,"column":55}},"6":{"start":{"line":8,"column":4},"end":{"line":8,"column":22}},"7":{"start":{"line":11,"column":0},"end":{"line":18,"column":2}},"8":{"start":{"line":12,"column":22},"end":{"line":12,"column":40}},"9":{"start":{"line":13,"column":4},"end":{"line":13,"column":68}},"10":{"start":{"line":13,"column":15},"end":{"line":13,"column":68}},"11":{"start":{"line":15,"column":19},"end":{"line":15,"column":79}},"12":{"start":{"line":16,"column":4},"end":{"line":16,"column":36}},"13":{"start":{"line":17,"column":4},"end":{"line":17,"column":22}},"14":{"start":{"line":20,"column":0},"end":{"line":30,"column":2}},"15":{"start":{"line":21,"column":19},"end":{"line":25,"column":20}},"16":{"start":{"line":27,"column":4},"end":{"line":27,"column":63}},"17":{"start":{"line":27,"column":19},"end":{"line":27,"column":63}},"18":{"start":{"line":28,"column":4},"end":{"line":28,"column":36}},"19":{"start":{"line":29,"column":4},"end":{"line":29,"column":22}},"20":{"start":{"line":32,"column":0},"end":{"line":37,"column":2}},"21":{"start":{"line":33,"column":21},"end":{"line":33,"column":67}},"22":{"start":{"line":35,"column":4},"end":{"line":35,"column":63}},"23":{"start":{"line":35,"column":19},"end":{"line":35,"column":63}},"24":{"start":{"line":36,"column":4},"end":{"line":36,"column":22}},"25":{"start":{"line":39,"column":0},"end":{"line":44,"column":2}},"26":{"start":{"line":40,"column":21},"end":{"line":40,"column":59}},"27":{"start":{"line":41,"column":4},"end":{"line":41,"column":22}},"28":{"start":{"line":43,"column":4},"end":{"line":43,"column":63}},"29":{"start":{"line":43,"column":19},"end":{"line":43,"column":63}},"30":{"start":{"line":46,"column":0},"end":{"line":46,"column":23}}},"fnMap":{"0":{"name":"(anonymous_0)","decl":{"start":{"line":6,"column":16},"end":{"line":6,"column":17}},"loc":{"start":{"line":6,"column":36},"end":{"line":9,"column":1}},"line":6},"1":{"name":"(anonymous_1)","decl":{"start":{"line":11,"column":17},"end":{"line":11,"column":18}},"loc":{"start":{"line":11,"column":37},"end":{"line":18,"column":1}},"line":11},"2":{"name":"(anonymous_2)","decl":{"start":{"line":20,"column":19},"end":{"line":20,"column":20}},"loc":{"start":{"line":20,"column":39},"end":{"line":30,"column":1}},"line":20},"3":{"name":"(anonymous_3)","decl":{"start":{"line":32,"column":22},"end":{"line":32,"column":23}},"loc":{"start":{"line":32,"column":42},"end":{"line":37,"column":1}},"line":32},"4":{"name":"(anonymous_4)","decl":{"start":{"line":39,"column":19},"end":{"line":39,"column":20}},"loc":{"start":{"line":39,"column":39},"end":{"line":44,"column":1}},"line":39}},"branchMap":{"0":{"loc":{"start":{"line":13,"column":4},"end":{"line":13,"column":68}},"type":"if","locations":[{"start":{"line":13,"column":4},"end":{"line":13,"column":68}},{"start":{"line":13,"column":4},"end":{"line":13,"column":68}}],"line":13},"1":{"loc":{"start":{"line":27,"column":4},"end":{"line":27,"column":63}},"type":"if","locations":[{"start":{"line":27,"column":4},"end":{"line":27,"column":63}},{"start":{"line":27,"column":4},"end":{"line":27,"column":63}}],"line":27},"2":{"loc":{"start":{"line":35,"column":4},"end":{"line":35,"column":63}},"type":"if","locations":[{"start":{"line":35,"column":4},"end":{"line":35,"column":63}},{"start":{"line":35,"column":4},"end":{"line":35,"column":63}}],"line":35},"3":{"loc":{"start":{"line":43,"column":4},"end":{"line":43,"column":63}},"type":"if","locations":[{"start":{"line":43,"column":4},"end":{"line":43,"column":63}},{"start":{"line":43,"column":4},"end":{"line":43,"column":63}}],"line":43}},"s":{"0":1,"1":1,"2":1,"3":1,"4":1,"5":0,"6":0,"7":1,"8":0,"9":0,"10":0,"11":0,"12":0,"13":0,"14":1,"15":0,"16":0,"17":0,"18":0,"19":0,"20":1,"21":0,"22":0,"23":0,"24":0,"25":1,"26":0,"27":0,"28":0,"29":0,"30":1},"f":{"0":0,"1":0,"2":0,"3":0,"4":0},"b":{"0":[0,0],"1":[0,0],"2":[0,0],"3":[0,0]},"_coverageSchema":"1a1c01bbd47fc00a2c39e90264f33305004495a9","hash":"aa24a301e73febf8cd8abfc9369b165c6327b758"}
,"/Users/theremedy/Desktop/Practice Code/bookshop/routes/login.js": {"path":"/Users/theremedy/Desktop/Practice Code/bookshop/routes/login.js","statementMap":{"0":{"start":{"line":1,"column":10},"end":{"line":1,"column":27}},"1":{"start":{"line":2,"column":15},"end":{"line":2,"column":32}},"2":{"start":{"line":3,"column":12},"end":{"line":3,"column":26}},"3":{"start":{"line":4,"column":17},"end":{"line":4,"column":43}},"4":{"start":{"line":5,"column":16},"end":{"line":5,"column":34}},"5":{"start":{"line":6,"column":15},"end":{"line":6,"column":31}},"6":{"start":{"line":8,"column":0},"end":{"line":20,"column":2}},"7":{"start":{"line":9,"column":22},"end":{"line":9,"column":40}},"8":{"start":{"line":10,"column":4},"end":{"line":10,"column":61}},"9":{"start":{"line":10,"column":15},"end":{"line":10,"column":61}},"10":{"start":{"line":12,"column":15},"end":{"line":12,"column":60}},"11":{"start":{"line":13,"column":4},"end":{"line":13,"column":71}},"12":{"start":{"line":13,"column":15},"end":{"line":13,"column":71}},"13":{"start":{"line":15,"column":26},"end":{"line":15,"column":80}},"14":{"start":{"line":16,"column":4},"end":{"line":16,"column":80}},"15":{"start":{"line":16,"column":24},"end":{"line":16,"column":80}},"16":{"start":{"line":18,"column":18},"end":{"line":18,"column":42}},"17":{"start":{"line":19,"column":4},"end":{"line":19,"column":50}},"18":{"start":{"line":23,"column":19},"end":{"line":26,"column":5}},"19":{"start":{"line":27,"column":4},"end":{"line":27,"column":38}},"20":{"start":{"line":30,"column":0},"end":{"line":30,"column":23}}},"fnMap":{"0":{"name":"(anonymous_0)","decl":{"start":{"line":8,"column":17},"end":{"line":8,"column":18}},"loc":{"start":{"line":8,"column":37},"end":{"line":20,"column":1}},"line":8},"1":{"name":"validate","decl":{"start":{"line":22,"column":9},"end":{"line":22,"column":17}},"loc":{"start":{"line":22,"column":24},"end":{"line":28,"column":1}},"line":22}},"branchMap":{"0":{"loc":{"start":{"line":10,"column":4},"end":{"line":10,"column":61}},"type":"if","locations":[{"start":{"line":10,"column":4},"end":{"line":10,"column":61}},{"start":{"line":10,"column":4},"end":{"line":10,"column":61}}],"line":10},"1":{"loc":{"start":{"line":13,"column":4},"end":{"line":13,"column":71}},"type":"if","locations":[{"start":{"line":13,"column":4},"end":{"line":13,"column":71}},{"start":{"line":13,"column":4},"end":{"line":13,"column":71}}],"line":13},"2":{"loc":{"start":{"line":16,"column":4},"end":{"line":16,"column":80}},"type":"if","locations":[{"start":{"line":16,"column":4},"end":{"line":16,"column":80}},{"start":{"line":16,"column":4},"end":{"line":16,"column":80}}],"line":16}},"s":{"0":1,"1":1,"2":1,"3":1,"4":1,"5":1,"6":1,"7":0,"8":0,"9":0,"10":0,"11":0,"12":0,"13":0,"14":0,"15":0,"16":0,"17":0,"18":0,"19":0,"20":1},"f":{"0":0,"1":0},"b":{"0":[0,0],"1":[0,0],"2":[0,0]},"_coverageSchema":"1a1c01bbd47fc00a2c39e90264f33305004495a9","hash":"89b7cfce823c1bf11f7ae50297fc02612f69833e"}
,"/Users/theremedy/Desktop/Practice Code/bookshop/routes/rentals.js": {"path":"/Users/theremedy/Desktop/Practice Code/bookshop/routes/rentals.js","statementMap":{"0":{"start":{"line":1,"column":29},"end":{"line":1,"column":57}},"1":{"start":{"line":2,"column":21},"end":{"line":2,"column":51}},"2":{"start":{"line":3,"column":23},"end":{"line":3,"column":55}},"3":{"start":{"line":4,"column":13},"end":{"line":4,"column":28}},"4":{"start":{"line":5,"column":17},"end":{"line":5,"column":36}},"5":{"start":{"line":6,"column":16},"end":{"line":6,"column":34}},"6":{"start":{"line":7,"column":15},"end":{"line":7,"column":31}},"7":{"start":{"line":9,"column":0},"end":{"line":9,"column":19}},"8":{"start":{"line":11,"column":0},"end":{"line":14,"column":2}},"9":{"start":{"line":12,"column":19},"end":{"line":12,"column":55}},"10":{"start":{"line":13,"column":4},"end":{"line":13,"column":20}},"11":{"start":{"line":16,"column":0},"end":{"line":63,"column":2}},"12":{"start":{"line":17,"column":22},"end":{"line":17,"column":40}},"13":{"start":{"line":18,"column":4},"end":{"line":18,"column":61}},"14":{"start":{"line":18,"column":15},"end":{"line":18,"column":61}},"15":{"start":{"line":20,"column":21},"end":{"line":20,"column":65}},"16":{"start":{"line":21,"column":4},"end":{"line":21,"column":60}},"17":{"start":{"line":21,"column":19},"end":{"line":21,"column":60}},"18":{"start":{"line":23,"column":23},"end":{"line":23,"column":71}},"19":{"start":{"line":24,"column":4},"end":{"line":24,"column":65}},"20":{"start":{"line":24,"column":21},"end":{"line":24,"column":65}},"21":{"start":{"line":26,"column":4},"end":{"line":26,"column":96}},"22":{"start":{"line":26,"column":35},"end":{"line":26,"column":96}},"23":{"start":{"line":28,"column":17},"end":{"line":50,"column":6}},"24":{"start":{"line":51,"column":4},"end":{"line":62,"column":5}},"25":{"start":{"line":52,"column":8},"end":{"line":56,"column":21}},"26":{"start":{"line":58,"column":8},"end":{"line":58,"column":24}},"27":{"start":{"line":61,"column":8},"end":{"line":61,"column":49}},"28":{"start":{"line":65,"column":0},"end":{"line":71,"column":5}},"29":{"start":{"line":66,"column":19},"end":{"line":66,"column":55}},"30":{"start":{"line":68,"column":4},"end":{"line":68,"column":92}},"31":{"start":{"line":68,"column":17},"end":{"line":68,"column":92}},"32":{"start":{"line":70,"column":4},"end":{"line":70,"column":21}},"33":{"start":{"line":73,"column":0},"end":{"line":73,"column":23}}},"fnMap":{"0":{"name":"(anonymous_0)","decl":{"start":{"line":11,"column":16},"end":{"line":11,"column":17}},"loc":{"start":{"line":11,"column":36},"end":{"line":14,"column":1}},"line":11},"1":{"name":"(anonymous_1)","decl":{"start":{"line":16,"column":17},"end":{"line":16,"column":18}},"loc":{"start":{"line":16,"column":37},"end":{"line":63,"column":1}},"line":16},"2":{"name":"(anonymous_2)","decl":{"start":{"line":65,"column":19},"end":{"line":65,"column":20}},"loc":{"start":{"line":65,"column":39},"end":{"line":71,"column":3}},"line":65}},"branchMap":{"0":{"loc":{"start":{"line":18,"column":4},"end":{"line":18,"column":61}},"type":"if","locations":[{"start":{"line":18,"column":4},"end":{"line":18,"column":61}},{"start":{"line":18,"column":4},"end":{"line":18,"column":61}}],"line":18},"1":{"loc":{"start":{"line":21,"column":4},"end":{"line":21,"column":60}},"type":"if","locations":[{"start":{"line":21,"column":4},"end":{"line":21,"column":60}},{"start":{"line":21,"column":4},"end":{"line":21,"column":60}}],"line":21},"2":{"loc":{"start":{"line":24,"column":4},"end":{"line":24,"column":65}},"type":"if","locations":[{"start":{"line":24,"column":4},"end":{"line":24,"column":65}},{"start":{"line":24,"column":4},"end":{"line":24,"column":65}}],"line":24},"3":{"loc":{"start":{"line":26,"column":4},"end":{"line":26,"column":96}},"type":"if","locations":[{"start":{"line":26,"column":4},"end":{"line":26,"column":96}},{"start":{"line":26,"column":4},"end":{"line":26,"column":96}}],"line":26},"4":{"loc":{"start":{"line":68,"column":4},"end":{"line":68,"column":92}},"type":"if","locations":[{"start":{"line":68,"column":4},"end":{"line":68,"column":92}},{"start":{"line":68,"column":4},"end":{"line":68,"column":92}}],"line":68}},"s":{"0":1,"1":1,"2":1,"3":1,"4":1,"5":1,"6":1,"7":1,"8":1,"9":0,"10":0,"11":1,"12":0,"13":0,"14":0,"15":0,"16":0,"17":0,"18":0,"19":0,"20":0,"21":0,"22":0,"23":0,"24":0,"25":0,"26":0,"27":0,"28":1,"29":0,"30":0,"31":0,"32":0,"33":1},"f":{"0":0,"1":0,"2":0},"b":{"0":[0,0],"1":[0,0],"2":[0,0],"3":[0,0],"4":[0,0]},"_coverageSchema":"1a1c01bbd47fc00a2c39e90264f33305004495a9","hash":"30027e541e425e4bd71330d810622d6131f89e5a"}
,"/Users/theremedy/Desktop/Practice Code/bookshop/routes/users.js": {"path":"/Users/theremedy/Desktop/Practice Code/bookshop/routes/users.js","statementMap":{"0":{"start":{"line":1,"column":10},"end":{"line":1,"column":27}},"1":{"start":{"line":2,"column":15},"end":{"line":2,"column":32}},"2":{"start":{"line":3,"column":27},"end":{"line":3,"column":53}},"3":{"start":{"line":4,"column":16},"end":{"line":4,"column":34}},"4":{"start":{"line":5,"column":15},"end":{"line":5,"column":31}},"5":{"start":{"line":7,"column":0},"end":{"line":22,"column":2}},"6":{"start":{"line":8,"column":22},"end":{"line":8,"column":40}},"7":{"start":{"line":9,"column":4},"end":{"line":9,"column":69}},"8":{"start":{"line":9,"column":15},"end":{"line":9,"column":69}},"9":{"start":{"line":11,"column":15},"end":{"line":11,"column":60}},"10":{"start":{"line":12,"column":4},"end":{"line":12,"column":59}},"11":{"start":{"line":12,"column":14},"end":{"line":12,"column":59}},"12":{"start":{"line":14,"column":5},"end":{"line":14,"column":83}},"13":{"start":{"line":15,"column":17},"end":{"line":15,"column":40}},"14":{"start":{"line":16,"column":4},"end":{"line":16,"column":59}},"15":{"start":{"line":18,"column":4},"end":{"line":18,"column":32}},"16":{"start":{"line":19,"column":18},"end":{"line":19,"column":42}},"17":{"start":{"line":21,"column":4},"end":{"line":21,"column":93}},"18":{"start":{"line":24,"column":0},"end":{"line":24,"column":24}}},"fnMap":{"0":{"name":"(anonymous_0)","decl":{"start":{"line":7,"column":17},"end":{"line":7,"column":18}},"loc":{"start":{"line":7,"column":37},"end":{"line":22,"column":1}},"line":7}},"branchMap":{"0":{"loc":{"start":{"line":9,"column":4},"end":{"line":9,"column":69}},"type":"if","locations":[{"start":{"line":9,"column":4},"end":{"line":9,"column":69}},{"start":{"line":9,"column":4},"end":{"line":9,"column":69}}],"line":9},"1":{"loc":{"start":{"line":12,"column":4},"end":{"line":12,"column":59}},"type":"if","locations":[{"start":{"line":12,"column":4},"end":{"line":12,"column":59}},{"start":{"line":12,"column":4},"end":{"line":12,"column":59}}],"line":12}},"s":{"0":1,"1":1,"2":1,"3":1,"4":1,"5":1,"6":0,"7":0,"8":0,"9":0,"10":0,"11":0,"12":0,"13":0,"14":0,"15":0,"16":0,"17":0,"18":1},"f":{"0":0},"b":{"0":[0,0],"1":[0,0]},"_coverageSchema":"1a1c01bbd47fc00a2c39e90264f33305004495a9","hash":"178a2caa73ee161d5023b32e1f61e20a2ea77703"}
,"/Users/theremedy/Desktop/Practice Code/bookshop/startup/configuration.js": {"path":"/Users/theremedy/Desktop/Practice Code/bookshop/startup/configuration.js","statementMap":{"0":{"start":{"line":1,"column":15},"end":{"line":1,"column":32}},"1":{"start":{"line":3,"column":0},"end":{"line":7,"column":1}},"2":{"start":{"line":4,"column":4},"end":{"line":6,"column":5}},"3":{"start":{"line":5,"column":8},"end":{"line":5,"column":64}}},"fnMap":{"0":{"name":"(anonymous_0)","decl":{"start":{"line":3,"column":17},"end":{"line":3,"column":18}},"loc":{"start":{"line":3,"column":28},"end":{"line":7,"column":1}},"line":3}},"branchMap":{"0":{"loc":{"start":{"line":4,"column":4},"end":{"line":6,"column":5}},"type":"if","locations":[{"start":{"line":4,"column":4},"end":{"line":6,"column":5}},{"start":{"line":4,"column":4},"end":{"line":6,"column":5}}],"line":4}},"s":{"0":1,"1":1,"2":1,"3":0},"f":{"0":1},"b":{"0":[0,1]},"_coverageSchema":"1a1c01bbd47fc00a2c39e90264f33305004495a9","hash":"58b907228b448da5bd4a3ece918a634cc375ba67"}
,"/Users/theremedy/Desktop/Practice Code/bookshop/startup/db.js": {"path":"/Users/theremedy/Desktop/Practice Code/bookshop/startup/db.js","statementMap":{"0":{"start":{"line":1,"column":17},"end":{"line":1,"column":36}},"1":{"start":{"line":2,"column":16},"end":{"line":2,"column":34}},"2":{"start":{"line":3,"column":15},"end":{"line":3,"column":32}},"3":{"start":{"line":5,"column":0},"end":{"line":9,"column":1}},"4":{"start":{"line":6,"column":15},"end":{"line":6,"column":31}},"5":{"start":{"line":7,"column":4},"end":{"line":8,"column":54}},"6":{"start":{"line":8,"column":16},"end":{"line":8,"column":53}}},"fnMap":{"0":{"name":"(anonymous_0)","decl":{"start":{"line":5,"column":17},"end":{"line":5,"column":18}},"loc":{"start":{"line":5,"column":28},"end":{"line":9,"column":1}},"line":5},"1":{"name":"(anonymous_1)","decl":{"start":{"line":8,"column":10},"end":{"line":8,"column":11}},"loc":{"start":{"line":8,"column":16},"end":{"line":8,"column":53}},"line":8}},"branchMap":{},"s":{"0":1,"1":1,"2":1,"3":1,"4":1,"5":1,"6":1},"f":{"0":1,"1":1},"b":{},"_coverageSchema":"1a1c01bbd47fc00a2c39e90264f33305004495a9","hash":"29b7676ef3a0877743d68e926cecb3fe0d78adaa"}
,"/Users/theremedy/Desktop/Practice Code/bookshop/startup/logging.js": {"path":"/Users/theremedy/Desktop/Practice Code/bookshop/startup/logging.js","statementMap":{"0":{"start":{"line":1,"column":0},"end":{"line":1,"column":31}},"1":{"start":{"line":2,"column":0},"end":{"line":2,"column":26}},"2":{"start":{"line":3,"column":16},"end":{"line":3,"column":34}},"3":{"start":{"line":5,"column":0},"end":{"line":19,"column":1}},"4":{"start":{"line":7,"column":4},"end":{"line":17,"column":5}},"5":{"start":{"line":12,"column":12},"end":{"line":12,"column":20}}},"fnMap":{"0":{"name":"(anonymous_0)","decl":{"start":{"line":5,"column":17},"end":{"line":5,"column":18}},"loc":{"start":{"line":5,"column":27},"end":{"line":19,"column":1}},"line":5},"1":{"name":"(anonymous_1)","decl":{"start":{"line":11,"column":41},"end":{"line":11,"column":42}},"loc":{"start":{"line":11,"column":49},"end":{"line":13,"column":9}},"line":11}},"branchMap":{},"s":{"0":1,"1":1,"2":1,"3":1,"4":0,"5":0},"f":{"0":0,"1":0},"b":{},"_coverageSchema":"1a1c01bbd47fc00a2c39e90264f33305004495a9","hash":"b24c18a023ad777766d6dde51388b35734378593"}
,"/Users/theremedy/Desktop/Practice Code/bookshop/startup/routes.js": {"path":"/Users/theremedy/Desktop/Practice Code/bookshop/startup/routes.js","statementMap":{"0":{"start":{"line":1,"column":16},"end":{"line":1,"column":34}},"1":{"start":{"line":2,"column":16},"end":{"line":2,"column":44}},"2":{"start":{"line":3,"column":20},"end":{"line":3,"column":52}},"3":{"start":{"line":4,"column":18},"end":{"line":4,"column":48}},"4":{"start":{"line":5,"column":14},"end":{"line":5,"column":40}},"5":{"start":{"line":6,"column":16},"end":{"line":6,"column":44}},"6":{"start":{"line":7,"column":14},"end":{"line":7,"column":40}},"7":{"start":{"line":8,"column":15},"end":{"line":8,"column":46}},"8":{"start":{"line":10,"column":0},"end":{"line":19,"column":1}},"9":{"start":{"line":11,"column":4},"end":{"line":11,"column":27}},"10":{"start":{"line":12,"column":4},"end":{"line":12,"column":36}},"11":{"start":{"line":13,"column":4},"end":{"line":13,"column":44}},"12":{"start":{"line":14,"column":4},"end":{"line":14,"column":40}},"13":{"start":{"line":15,"column":4},"end":{"line":15,"column":32}},"14":{"start":{"line":16,"column":4},"end":{"line":16,"column":36}},"15":{"start":{"line":17,"column":4},"end":{"line":17,"column":32}},"16":{"start":{"line":18,"column":4},"end":{"line":18,"column":34}}},"fnMap":{"0":{"name":"(anonymous_0)","decl":{"start":{"line":10,"column":17},"end":{"line":10,"column":18}},"loc":{"start":{"line":10,"column":30},"end":{"line":19,"column":1}},"line":10}},"branchMap":{},"s":{"0":1,"1":1,"2":1,"3":1,"4":1,"5":1,"6":1,"7":1,"8":1,"9":1,"10":1,"11":1,"12":1,"13":1,"14":1,"15":1,"16":1},"f":{"0":1},"b":{},"_coverageSchema":"1a1c01bbd47fc00a2c39e90264f33305004495a9","hash":"74cfe183858cb437b206561e6330469470b8e344"}
,"/Users/theremedy/Desktop/Practice Code/bookshop/startup/validation.js": {"path":"/Users/theremedy/Desktop/Practice Code/bookshop/startup/validation.js","statementMap":{"0":{"start":{"line":1,"column":12},"end":{"line":1,"column":26}},"1":{"start":{"line":3,"column":0},"end":{"line":5,"column":1}},"2":{"start":{"line":4,"column":4},"end":{"line":4,"column":47}}},"fnMap":{"0":{"name":"(anonymous_0)","decl":{"start":{"line":3,"column":17},"end":{"line":3,"column":18}},"loc":{"start":{"line":3,"column":27},"end":{"line":5,"column":1}},"line":3}},"branchMap":{},"s":{"0":1,"1":1,"2":1},"f":{"0":1},"b":{},"_coverageSchema":"1a1c01bbd47fc00a2c39e90264f33305004495a9","hash":"5b0d9c2d9467902cb7fef24f44da7b2e1744be06"}
}
